<?xml version="1.0" encoding="UTF-8"?>
<!-- Generated by org.testng.reporters.JUnitReportReporter -->
<testsuite skipped="0" hostname="atul" name="seleniumEasy.forms.InputFormsTest" tests="1" failures="0" timestamp="2021-03-13T17:00:25 IST" time="40.866" errors="0">
  <testcase name="setUp" time="40.866" classname="seleniumEasy.forms.InputFormsTest"/>
  <system-out/>
</testsuite> <!-- seleniumEasy.forms.InputFormsTest -->
