<?xml version="1.0" encoding="UTF-8"?>
<!-- Generated by org.testng.reporters.JUnitReportReporter -->
<testsuite skipped="0" hostname="atul" name="seleniumEasy.forms.InputFormTest" tests="4" failures="0" timestamp="2021-03-14T11:15:44 IST" time="5.143" errors="0">
  <testcase name="TC_002" time="1.399" classname="seleniumEasy.forms.InputFormTest"/>
  <system-out/>
  <testcase name="TC_001" time="0.450" classname="seleniumEasy.forms.InputFormTest"/>
  <system-out/>
  <testcase name="TC_004" time="2.818" classname="seleniumEasy.forms.InputFormTest"/>
  <system-out/>
  <testcase name="TC_003" time="0.476" classname="seleniumEasy.forms.InputFormTest"/>
  <system-out/>
</testsuite> <!-- seleniumEasy.forms.InputFormTest -->
